Sender: LSF System <lsfadmin@lsf-server-3.rostclust>
Subject: Job 13216: <dg_prediction_davis_unshuff> in cluster <rost_lsf_cluster_1> Exited

Job <dg_prediction_davis_unshuff> was submitted from host <lsf-master-1.rostclust> by user <giessing> in cluster <rost_lsf_cluster_1> at Mon Dec 20 08:25:10 2021
Job was executed on host(s) <lsf-server-3.rostclust>, in queue <low-end-normal>, as user <giessing> in cluster <rost_lsf_cluster_1> at Mon Dec 20 08:25:11 2021
</mnt/home/giessing> was used as the home directory.
</mnt/project/protdrugaffinity/dg/binding-affinity-prediction/src> was used as the working directory.
Started at Mon Dec 20 08:25:11 2021
Terminated at Mon Dec 20 09:09:32 2021
Results reported at Mon Dec 20 09:09:32 2021

Your job looked like:

------------------------------------------------------------
# LSBATCH: User input
python binding_prediction.py
------------------------------------------------------------

TERM_OWNER: job killed by owner.
Exited with exit code 130.

Resource usage summary:

    CPU time :                                   5493.52 sec.
    Max Memory :                                 1743 MB
    Average Memory :                             1708.33 MB
    Total Requested Memory :                     -
    Delta Memory :                               -
    Max Swap :                                   -
    Max Processes :                              3
    Max Threads :                                26
    Run time :                                   2661 sec.
    Turnaround time :                            2662 sec.

The output (if any) follows:

(['pkd', 'Davis'], 'chemVAE', <Section: INPUT FILES>, True, 1, False, False)
Using device: cuda
[1000, 0.0032, 171]


PS:

Read file <stderr_davis_unshuff.log> for stderr output of this job.

